<?xml version="1.0" encoding="UTF-8"?>
<!-- Generated by org.testng.reporters.JUnitReportReporter -->
<testsuite hostname="Jayant" name="GoogleTest" tests="1" failures="0" timestamp="29 Jul 2014 23:53:49 GMT" time="13.651" errors="0">
  <testcase name="verifySearch" time="13.651" classname="GoogleTest"/>
</testsuite>
